[W][T0] [pioneer] Failed to load background <none>  [2025-03-03 10:00:45]
[W][T0] [pioneer] Failed to load background black  [2025-03-03 10:00:45]
[I][T0] [Application] > Launching [2025-03-03 10:01:58]
[I][T0] [Application] Resource path: C:\Users\alexf\Documents\coding\fornani\resources [2025-03-03 10:01:58]
[D][T0] [stopwatch] Elapsed Time: 0.47342 seconds [2025-03-03 10:01:59]
[I][T0] [core] Launching demo in room 103 from folder atrium.json  [2025-03-03 10:02:08]
[I][T0] [core] > Success [2025-03-03 10:02:08]
[D][T0] [stopwatch] Elapsed Time: 9.59977 seconds [2025-03-03 10:02:08]
[I][T0] [Pioneer] Unserializing entity with id 0 [2025-07-07 23:48:15]
[I][T0] [Pioneer] Unserializing entity with id 0 [2025-07-07 23:48:15]
[I][T0] [Pioneer] Unserializing entity with id 0 [2025-07-07 23:48:15]
[I][T0] [Pioneer] Unserializing entity with id 100 [2025-07-07 23:48:15]
[W][T0] [pioneer] Failed to load background <none>  [2025-07-07 23:48:15]
[W][T0] [pioneer] Failed to load background black  [2025-07-07 23:48:15]
[I][T0] [pioneer] Saved canvas to C:\Users\alexf\Documents\coding\fornani\resources\level in folder firstwind [2025-07-07 23:48:35]
[I][T0] [Pioneer] Serialized unique entity with label <beds> [2025-07-07 23:48:35]
[I][T0] [Pioneer] Serialized unique entity with label <portals> [2025-07-07 23:48:35]
[I][T0] [Pioneer] Serialized unique entity with label <inspectables> [2025-07-07 23:48:35]
[I][T0] [Pioneer] Serialized unique entity with label <save_point> [2025-07-07 23:48:35]
[I][T0] [Application] > Launching [2025-07-07 23:48:35]
[I][T0] [Application] Resource path: C:\Users\alexf\Documents\coding\fornani\resources [2025-07-07 23:48:35]
[I][T0] [data] Data loading started. [2025-07-07 23:48:35]
[I][T0] [data] Loaded data for item bipolar_junction_transistor [2025-07-07 23:48:36]
[I][T0] [data] Loaded data for item bryns_notebook [2025-07-07 23:48:36]
[I][T0] [data] Loaded data for item track_zero_sensor [2025-07-07 23:48:36]
[I][T0] [data] Loaded data for item factory_access_permit [2025-07-07 23:48:36]
[I][T0] [data] Loaded data for item clamp [2025-07-07 23:48:36]
[I][T0] [data] Loaded data for item willets_floppy_disc [2025-07-07 23:48:36]
[I][T0] [data] Loaded data for item head_motor [2025-07-07 23:48:36]
[I][T0] [data] Loaded data for item gas_mask [2025-07-07 23:48:36]
[I][T0] [data] Loaded data for item firstwind_hangar_key [2025-07-07 23:48:36]
[I][T0] [data] Loaded data for item sapphire [2025-07-07 23:48:36]
[I][T0] [data] Loaded data for item woodshine_warehouse_key [2025-07-07 23:48:36]
[I][T0] [data] Loaded data for item nimbus_iii_boiler_room_key [2025-07-07 23:48:36]
[I][T0] [data] Loaded data for item laboratory_key [2025-07-07 23:48:36]
[I][T0] [data] Loaded data for item green_pants [2025-07-07 23:48:36]
[I][T0] [data] Loaded data for item navy_top [2025-07-07 23:48:36]
[I][T0] [data] Loaded data for item bit_cell_key [2025-07-07 23:48:36]
[I][T0] [data] Loaded data for item four_of_diamonds [2025-07-07 23:48:36]
[I][T0] [data] Loaded data for item cinnabar_statue [2025-07-07 23:48:36]
[I][T0] [data] Loaded data for item staple_box [2025-07-07 23:48:36]
[I][T0] [data] Loaded data for item boiler_key [2025-07-07 23:48:36]
[I][T0] [data] Loaded data for item punk_shirt [2025-07-07 23:48:36]
[I][T0] [data] Loaded data for item radar_device [2025-07-07 23:48:36]
[I][T0] [data] Loaded data for item dog_leash [2025-07-07 23:48:36]
[I][T0] [data] Loaded data for item ashtown_raspberry_preserves [2025-07-07 23:48:36]
[I][T0] [data] Loaded data for item bronze_bracelet [2025-07-07 23:48:36]
[I][T0] [data] Loaded data for item silver_bracelet [2025-07-07 23:48:36]
[I][T0] [data] Loaded data for item punk_pants [2025-07-07 23:48:36]
[I][T0] [data] Loaded data for item glass_statue [2025-07-07 23:48:36]
[I][T0] [data] Loaded data for item boxing_glove [2025-07-07 23:48:36]
[I][T0] [data] Loaded data for item walkie_talkie [2025-07-07 23:48:36]
[I][T0] [data] Loaded data for item heart_keychain [2025-07-07 23:48:36]
[I][T0] [data] Loaded data for item stationary_rat [2025-07-07 23:48:36]
[I][T0] [data] Loaded data for item loops_mixtape [2025-07-07 23:48:36]
[I][T0] [data] Loaded data for item rhenite [2025-07-07 23:48:36]
[I][T0] [data] Loaded data for item red_jeans [2025-07-07 23:48:36]
[I][T0] [data] Loaded data for item clay_statue [2025-07-07 23:48:36]
[I][T0] [data] Loaded data for item bronze_statue [2025-07-07 23:48:36]
[I][T0] [data] Loaded data for item jade_statue [2025-07-07 23:48:36]
[I][T0] [data] Loaded data for item alabaster_statue [2025-07-07 23:48:36]
[I][T0] [data] Loaded data for item chalcedony_tee [2025-07-07 23:48:36]
[I][T0] [data] Loaded data for item chalcedony_skirt [2025-07-07 23:48:36]
[I][T0] [data] Loaded data for item punk_hair_dye [2025-07-07 23:48:36]
[I][T0] [data] Loaded data for item hairtie [2025-07-07 23:48:36]
[D][T0] [stopwatch] Elapsed Time: 0.49050 seconds [2025-07-07 23:48:36]
[I][T0] [config] Initializing Steam Input [2025-07-07 23:48:42]
[I][T0] [config] Steam Input initialized [2025-07-07 23:48:42]
[I][T0] [data] Enabled user settings. [2025-07-07 23:48:42]
[I][T0] [item] Loaded item  [2025-07-07 23:48:42]
[I][T0] [item] Loaded item  [2025-07-07 23:48:42]
[I][T0] [item] Loaded item  [2025-07-07 23:48:42]
[I][T0] [item] Loaded item  [2025-07-07 23:48:42]
[I][T0] [item] Loaded item  [2025-07-07 23:48:42]
[I][T0] [item] Loaded item Navy Top [2025-07-07 23:48:42]
[I][T0] [item] Loaded item Green Pants [2025-07-07 23:48:42]
[I][T0] [item] Loaded item Radar Device [2025-07-07 23:48:42]
[I][T0] [item] Loaded item Red Jeans [2025-07-07 23:48:42]
[I][T0] [item] Loaded item Chalcedony Tee [2025-07-07 23:48:42]
[I][T0] [item] Loaded item Chalcedony Skirt [2025-07-07 23:48:42]
[I][T0] [core] Launching demo in room 100 from folder prison.json  [2025-07-07 23:48:42]
[I][T0] [core] Success [2025-07-07 23:48:42]
[D][T0] [stopwatch] Elapsed Time: 6.56523 seconds [2025-07-07 23:48:42]
